

Started GET "/assets/rails.png" for 127.0.0.1 at 2012-04-24 23:50:12 +0200
Served asset /rails.png - 200 OK (6ms)


Started GET "/" for 127.0.0.1 at 2012-04-24 23:51:10 +0200
Processing by BlogController#index as HTML
Completed 500 Internal Server Error in 1ms

ActiveRecord::StatementInvalid (Could not find table 'blogs'):
  app/controllers/blog_controller.rb:3:in `new'
  app/controllers/blog_controller.rb:3:in `index'


  Rendered /Users/kiszal/.rvm/gems/ruby-1.9.3-p125/gems/actionpack-3.2.1/lib/action_dispatch/middleware/templates/rescues/_trace.erb (2.5ms)
  Rendered /Users/kiszal/.rvm/gems/ruby-1.9.3-p125/gems/actionpack-3.2.1/lib/action_dispatch/middleware/templates/rescues/_request_and_response.erb (1.1ms)
  Rendered /Users/kiszal/.rvm/gems/ruby-1.9.3-p125/gems/actionpack-3.2.1/lib/action_dispatch/middleware/templates/rescues/diagnostics.erb within rescues/layout (9.0ms)


Started GET "/" for 127.0.0.1 at 2012-04-24 23:52:04 +0200
Processing by BlogController#index as HTML
  Rendered blog/index.html.erb within layouts/application (0.8ms)
Compiled blog.css  (8ms)  (pid 42207)
Compiled application.css  (32ms)  (pid 42207)
Compiled jquery.js  (2ms)  (pid 42207)
Compiled jquery_ujs.js  (0ms)  (pid 42207)
Compiled blog.js  (113ms)  (pid 42207)
Compiled application.js  (158ms)  (pid 42207)
Completed 200 OK in 296ms (Views: 296.0ms | ActiveRecord: 0.0ms)


Started GET "/assets/application.css?body=1" for 127.0.0.1 at 2012-04-24 23:52:04 +0200
Served asset /application.css - 200 OK (11ms)


Started GET "/assets/blog.css?body=1" for 127.0.0.1 at 2012-04-24 23:52:04 +0200
Served asset /blog.css - 200 OK (2ms)


Started GET "/assets/application.js?body=1" for 127.0.0.1 at 2012-04-24 23:52:04 +0200
Served asset /application.js - 200 OK (4ms)


Started GET "/assets/jquery.js?body=1" for 127.0.0.1 at 2012-04-24 23:52:04 +0200
Served asset /jquery.js - 200 OK (2ms)


Started GET "/assets/blog.js?body=1" for 127.0.0.1 at 2012-04-24 23:52:04 +0200
Served asset /blog.js - 200 OK (1ms)


Started GET "/assets/jquery_ujs.js?body=1" for 127.0.0.1 at 2012-04-24 23:52:04 +0200
Served asset /jquery_ujs.js - 200 OK (4ms)


Started GET "/" for 127.0.0.1 at 2012-04-26 20:19:18 +0200

SyntaxError (/Users/kiszal/Workspace/sandbox/ruby/bloog/app/controllers/blog_controller.rb:6: invalid multibyte char (US-ASCII)
/Users/kiszal/Workspace/sandbox/ruby/bloog/app/controllers/blog_controller.rb:6: invalid multibyte char (US-ASCII)
/Users/kiszal/Workspace/sandbox/ruby/bloog/app/controllers/blog_controller.rb:6: syntax error, unexpected $end, expecting keyword_end
    post1.body = "Paint just applied. It’s a lovely orangey-purple!"
                                          ^):
  activesupport (3.2.1) lib/active_support/dependencies.rb:469:in `load'
  activesupport (3.2.1) lib/active_support/dependencies.rb:469:in `block in load_file'
  activesupport (3.2.1) lib/active_support/dependencies.rb:639:in `new_constants_in'
  activesupport (3.2.1) lib/active_support/dependencies.rb:468:in `load_file'
  activesupport (3.2.1) lib/active_support/dependencies.rb:353:in `require_or_load'
  activesupport (3.2.1) lib/active_support/dependencies.rb:502:in `load_missing_constant'
  activesupport (3.2.1) lib/active_support/dependencies.rb:192:in `block in const_missing'
  activesupport (3.2.1) lib/active_support/dependencies.rb:190:in `each'
  activesupport (3.2.1) lib/active_support/dependencies.rb:190:in `const_missing'
  activesupport (3.2.1) lib/active_support/inflector/methods.rb:229:in `block in constantize'
  activesupport (3.2.1) lib/active_support/inflector/methods.rb:228:in `each'
  activesupport (3.2.1) lib/active_support/inflector/methods.rb:228:in `constantize'
  activesupport (3.2.1) lib/active_support/dependencies.rb:554:in `get'
  actionpack (3.2.1) lib/action_dispatch/routing/route_set.rb:62:in `controller_reference'
  actionpack (3.2.1) lib/action_dispatch/routing/route_set.rb:47:in `controller'
  actionpack (3.2.1) lib/action_dispatch/routing/route_set.rb:26:in `call'
  journey (1.0.3) lib/journey/router.rb:68:in `block in call'
  journey (1.0.3) lib/journey/router.rb:56:in `each'
  journey (1.0.3) lib/journey/router.rb:56:in `call'
  actionpack (3.2.1) lib/action_dispatch/routing/route_set.rb:589:in `call'
  actionpack (3.2.1) lib/action_dispatch/middleware/best_standards_support.rb:17:in `call'
  rack (1.4.1) lib/rack/etag.rb:23:in `call'
  rack (1.4.1) lib/rack/conditionalget.rb:25:in `call'
  actionpack (3.2.1) lib/action_dispatch/middleware/head.rb:14:in `call'
  actionpack (3.2.1) lib/action_dispatch/middleware/params_parser.rb:21:in `call'
  actionpack (3.2.1) lib/action_dispatch/middleware/flash.rb:242:in `call'
  rack (1.4.1) lib/rack/session/abstract/id.rb:205:in `context'
  rack (1.4.1) lib/rack/session/abstract/id.rb:200:in `call'
  actionpack (3.2.1) lib/action_dispatch/middleware/cookies.rb:338:in `call'
  activerecord (3.2.1) lib/active_record/query_cache.rb:64:in `call'
  activerecord (3.2.1) lib/active_record/connection_adapters/abstract/connection_pool.rb:443:in `call'
  actionpack (3.2.1) lib/action_dispatch/middleware/callbacks.rb:28:in `block in call'
  activesupport (3.2.1) lib/active_support/callbacks.rb:405:in `_run__440899072966456754__call__3310100178121966751__callbacks'
  activesupport (3.2.1) lib/active_support/callbacks.rb:405:in `__run_callback'
  activesupport (3.2.1) lib/active_support/callbacks.rb:385:in `_run_call_callbacks'
  activesupport (3.2.1) lib/active_support/callbacks.rb:81:in `run_callbacks'
  actionpack (3.2.1) lib/action_dispatch/middleware/callbacks.rb:27:in `call'
  actionpack (3.2.1) lib/action_dispatch/middleware/reloader.rb:65:in `call'
  actionpack (3.2.1) lib/action_dispatch/middleware/remote_ip.rb:31:in `call'
  actionpack (3.2.1) lib/action_dispatch/middleware/debug_exceptions.rb:16:in `call'
  actionpack (3.2.1) lib/action_dispatch/middleware/show_exceptions.rb:56:in `call'
  railties (3.2.1) lib/rails/rack/logger.rb:26:in `call_app'
  railties (3.2.1) lib/rails/rack/logger.rb:16:in `call'
  actionpack (3.2.1) lib/action_dispatch/middleware/request_id.rb:22:in `call'
  rack (1.4.1) lib/rack/methodoverride.rb:21:in `call'
  rack (1.4.1) lib/rack/runtime.rb:17:in `call'
  activesupport (3.2.1) lib/active_support/cache/strategy/local_cache.rb:72:in `call'
  rack (1.4.1) lib/rack/lock.rb:15:in `call'
  actionpack (3.2.1) lib/action_dispatch/middleware/static.rb:53:in `call'
  railties (3.2.1) lib/rails/engine.rb:479:in `call'
  railties (3.2.1) lib/rails/application.rb:220:in `call'
  rack (1.4.1) lib/rack/content_length.rb:14:in `call'
  railties (3.2.1) lib/rails/rack/log_tailer.rb:14:in `call'
  rack (1.4.1) lib/rack/handler/webrick.rb:59:in `service'
  /Users/kiszal/.rvm/rubies/ruby-1.9.3-p125/lib/ruby/1.9.1/webrick/httpserver.rb:138:in `service'
  /Users/kiszal/.rvm/rubies/ruby-1.9.3-p125/lib/ruby/1.9.1/webrick/httpserver.rb:94:in `run'
  /Users/kiszal/.rvm/rubies/ruby-1.9.3-p125/lib/ruby/1.9.1/webrick/server.rb:191:in `block in start_thread'


  Rendered /Users/kiszal/.rvm/gems/ruby-1.9.3-p125/gems/actionpack-3.2.1/lib/action_dispatch/middleware/templates/rescues/_trace.erb (2.4ms)
  Rendered /Users/kiszal/.rvm/gems/ruby-1.9.3-p125/gems/actionpack-3.2.1/lib/action_dispatch/middleware/templates/rescues/_request_and_response.erb (2.7ms)
  Rendered /Users/kiszal/.rvm/gems/ruby-1.9.3-p125/gems/actionpack-3.2.1/lib/action_dispatch/middleware/templates/rescues/diagnostics.erb within rescues/layout (11.0ms)


Started GET "/" for 127.0.0.1 at 2012-04-26 20:20:26 +0200

SyntaxError (/Users/kiszal/Workspace/sandbox/ruby/bloog/app/controllers/blog_controller.rb:7: invalid multibyte char (US-ASCII)
/Users/kiszal/Workspace/sandbox/ruby/bloog/app/controllers/blog_controller.rb:7: invalid multibyte char (US-ASCII)
/Users/kiszal/Workspace/sandbox/ruby/bloog/app/controllers/blog_controller.rb:7: syntax error, unexpected $end, expecting keyword_end
    post1.body = "Paint just applied. It’s a lovely orangey-purple!"
                                          ^):
  activesupport (3.2.1) lib/active_support/dependencies.rb:469:in `load'
  activesupport (3.2.1) lib/active_support/dependencies.rb:469:in `block in load_file'
  activesupport (3.2.1) lib/active_support/dependencies.rb:639:in `new_constants_in'
  activesupport (3.2.1) lib/active_support/dependencies.rb:468:in `load_file'
  activesupport (3.2.1) lib/active_support/dependencies.rb:353:in `require_or_load'
  activesupport (3.2.1) lib/active_support/dependencies.rb:502:in `load_missing_constant'
  activesupport (3.2.1) lib/active_support/dependencies.rb:192:in `block in const_missing'
  activesupport (3.2.1) lib/active_support/dependencies.rb:190:in `each'
  activesupport (3.2.1) lib/active_support/dependencies.rb:190:in `const_missing'
  activesupport (3.2.1) lib/active_support/inflector/methods.rb:229:in `block in constantize'
  activesupport (3.2.1) lib/active_support/inflector/methods.rb:228:in `each'
  activesupport (3.2.1) lib/active_support/inflector/methods.rb:228:in `constantize'
  activesupport (3.2.1) lib/active_support/dependencies.rb:554:in `get'
  actionpack (3.2.1) lib/action_dispatch/routing/route_set.rb:62:in `controller_reference'
  actionpack (3.2.1) lib/action_dispatch/routing/route_set.rb:47:in `controller'
  actionpack (3.2.1) lib/action_dispatch/routing/route_set.rb:26:in `call'
  journey (1.0.3) lib/journey/router.rb:68:in `block in call'
  journey (1.0.3) lib/journey/router.rb:56:in `each'
  journey (1.0.3) lib/journey/router.rb:56:in `call'
  actionpack (3.2.1) lib/action_dispatch/routing/route_set.rb:589:in `call'
  actionpack (3.2.1) lib/action_dispatch/middleware/best_standards_support.rb:17:in `call'
  rack (1.4.1) lib/rack/etag.rb:23:in `call'
  rack (1.4.1) lib/rack/conditionalget.rb:25:in `call'
  actionpack (3.2.1) lib/action_dispatch/middleware/head.rb:14:in `call'
  actionpack (3.2.1) lib/action_dispatch/middleware/params_parser.rb:21:in `call'
  actionpack (3.2.1) lib/action_dispatch/middleware/flash.rb:242:in `call'
  rack (1.4.1) lib/rack/session/abstract/id.rb:205:in `context'
  rack (1.4.1) lib/rack/session/abstract/id.rb:200:in `call'
  actionpack (3.2.1) lib/action_dispatch/middleware/cookies.rb:338:in `call'
  activerecord (3.2.1) lib/active_record/query_cache.rb:64:in `call'
  activerecord (3.2.1) lib/active_record/connection_adapters/abstract/connection_pool.rb:443:in `call'
  actionpack (3.2.1) lib/action_dispatch/middleware/callbacks.rb:28:in `block in call'
  activesupport (3.2.1) lib/active_support/callbacks.rb:405:in `_run__440899072966456754__call__3310100178121966751__callbacks'
  activesupport (3.2.1) lib/active_support/callbacks.rb:405:in `__run_callback'
  activesupport (3.2.1) lib/active_support/callbacks.rb:385:in `_run_call_callbacks'
  activesupport (3.2.1) lib/active_support/callbacks.rb:81:in `run_callbacks'
  actionpack (3.2.1) lib/action_dispatch/middleware/callbacks.rb:27:in `call'
  actionpack (3.2.1) lib/action_dispatch/middleware/reloader.rb:65:in `call'
  actionpack (3.2.1) lib/action_dispatch/middleware/remote_ip.rb:31:in `call'
  actionpack (3.2.1) lib/action_dispatch/middleware/debug_exceptions.rb:16:in `call'
  actionpack (3.2.1) lib/action_dispatch/middleware/show_exceptions.rb:56:in `call'
  railties (3.2.1) lib/rails/rack/logger.rb:26:in `call_app'
  railties (3.2.1) lib/rails/rack/logger.rb:16:in `call'
  actionpack (3.2.1) lib/action_dispatch/middleware/request_id.rb:22:in `call'
  rack (1.4.1) lib/rack/methodoverride.rb:21:in `call'
  rack (1.4.1) lib/rack/runtime.rb:17:in `call'
  activesupport (3.2.1) lib/active_support/cache/strategy/local_cache.rb:72:in `call'
  rack (1.4.1) lib/rack/lock.rb:15:in `call'
  actionpack (3.2.1) lib/action_dispatch/middleware/static.rb:53:in `call'
  railties (3.2.1) lib/rails/engine.rb:479:in `call'
  railties (3.2.1) lib/rails/application.rb:220:in `call'
  rack (1.4.1) lib/rack/content_length.rb:14:in `call'
  railties (3.2.1) lib/rails/rack/log_tailer.rb:14:in `call'
  rack (1.4.1) lib/rack/handler/webrick.rb:59:in `service'
  /Users/kiszal/.rvm/rubies/ruby-1.9.3-p125/lib/ruby/1.9.1/webrick/httpserver.rb:138:in `service'
  /Users/kiszal/.rvm/rubies/ruby-1.9.3-p125/lib/ruby/1.9.1/webrick/httpserver.rb:94:in `run'
  /Users/kiszal/.rvm/rubies/ruby-1.9.3-p125/lib/ruby/1.9.1/webrick/server.rb:191:in `block in start_thread'


  Rendered /Users/kiszal/.rvm/gems/ruby-1.9.3-p125/gems/actionpack-3.2.1/lib/action_dispatch/middleware/templates/rescues/_trace.erb (2.2ms)
  Rendered /Users/kiszal/.rvm/gems/ruby-1.9.3-p125/gems/actionpack-3.2.1/lib/action_dispatch/middleware/templates/rescues/_request_and_response.erb (0.9ms)
  Rendered /Users/kiszal/.rvm/gems/ruby-1.9.3-p125/gems/actionpack-3.2.1/lib/action_dispatch/middleware/templates/rescues/diagnostics.erb within rescues/layout (5.2ms)


Started GET "/" for 127.0.0.1 at 2012-04-26 20:20:27 +0200

SyntaxError (/Users/kiszal/Workspace/sandbox/ruby/bloog/app/controllers/blog_controller.rb:7: invalid multibyte char (US-ASCII)
/Users/kiszal/Workspace/sandbox/ruby/bloog/app/controllers/blog_controller.rb:7: invalid multibyte char (US-ASCII)
/Users/kiszal/Workspace/sandbox/ruby/bloog/app/controllers/blog_controller.rb:7: syntax error, unexpected $end, expecting keyword_end
    post1.body = "Paint just applied. It’s a lovely orangey-purple!"
                                          ^):
  activesupport (3.2.1) lib/active_support/dependencies.rb:469:in `load'
  activesupport (3.2.1) lib/active_support/dependencies.rb:469:in `block in load_file'
  activesupport (3.2.1) lib/active_support/dependencies.rb:639:in `new_constants_in'
  activesupport (3.2.1) lib/active_support/dependencies.rb:468:in `load_file'
  activesupport (3.2.1) lib/active_support/dependencies.rb:353:in `require_or_load'
  activesupport (3.2.1) lib/active_support/dependencies.rb:502:in `load_missing_constant'
  activesupport (3.2.1) lib/active_support/dependencies.rb:192:in `block in const_missing'
  activesupport (3.2.1) lib/active_support/dependencies.rb:190:in `each'
  activesupport (3.2.1) lib/active_support/dependencies.rb:190:in `const_missing'
  activesupport (3.2.1) lib/active_support/inflector/methods.rb:229:in `block in constantize'
  activesupport (3.2.1) lib/active_support/inflector/methods.rb:228:in `each'
  activesupport (3.2.1) lib/active_support/inflector/methods.rb:228:in `constantize'
  activesupport (3.2.1) lib/active_support/dependencies.rb:554:in `get'
  actionpack (3.2.1) lib/action_dispatch/routing/route_set.rb:62:in `controller_reference'
  actionpack (3.2.1) lib/action_dispatch/routing/route_set.rb:47:in `controller'
  actionpack (3.2.1) lib/action_dispatch/routing/route_set.rb:26:in `call'
  journey (1.0.3) lib/journey/router.rb:68:in `block in call'
  journey (1.0.3) lib/journey/router.rb:56:in `each'
  journey (1.0.3) lib/journey/router.rb:56:in `call'
  actionpack (3.2.1) lib/action_dispatch/routing/route_set.rb:589:in `call'
  actionpack (3.2.1) lib/action_dispatch/middleware/best_standards_support.rb:17:in `call'
  rack (1.4.1) lib/rack/etag.rb:23:in `call'
  rack (1.4.1) lib/rack/conditionalget.rb:25:in `call'
  actionpack (3.2.1) lib/action_dispatch/middleware/head.rb:14:in `call'
  actionpack (3.2.1) lib/action_dispatch/middleware/params_parser.rb:21:in `call'
  actionpack (3.2.1) lib/action_dispatch/middleware/flash.rb:242:in `call'
  rack (1.4.1) lib/rack/session/abstract/id.rb:205:in `context'
  rack (1.4.1) lib/rack/session/abstract/id.rb:200:in `call'
  actionpack (3.2.1) lib/action_dispatch/middleware/cookies.rb:338:in `call'
  activerecord (3.2.1) lib/active_record/query_cache.rb:64:in `call'
  activerecord (3.2.1) lib/active_record/connection_adapters/abstract/connection_pool.rb:443:in `call'
  actionpack (3.2.1) lib/action_dispatch/middleware/callbacks.rb:28:in `block in call'
  activesupport (3.2.1) lib/active_support/callbacks.rb:405:in `_run__440899072966456754__call__3310100178121966751__callbacks'
  activesupport (3.2.1) lib/active_support/callbacks.rb:405:in `__run_callback'
  activesupport (3.2.1) lib/active_support/callbacks.rb:385:in `_run_call_callbacks'
  activesupport (3.2.1) lib/active_support/callbacks.rb:81:in `run_callbacks'
  actionpack (3.2.1) lib/action_dispatch/middleware/callbacks.rb:27:in `call'
  actionpack (3.2.1) lib/action_dispatch/middleware/reloader.rb:65:in `call'
  actionpack (3.2.1) lib/action_dispatch/middleware/remote_ip.rb:31:in `call'
  actionpack (3.2.1) lib/action_dispatch/middleware/debug_exceptions.rb:16:in `call'
  actionpack (3.2.1) lib/action_dispatch/middleware/show_exceptions.rb:56:in `call'
  railties (3.2.1) lib/rails/rack/logger.rb:26:in `call_app'
  railties (3.2.1) lib/rails/rack/logger.rb:16:in `call'
  actionpack (3.2.1) lib/action_dispatch/middleware/request_id.rb:22:in `call'
  rack (1.4.1) lib/rack/methodoverride.rb:21:in `call'
  rack (1.4.1) lib/rack/runtime.rb:17:in `call'
  activesupport (3.2.1) lib/active_support/cache/strategy/local_cache.rb:72:in `call'
  rack (1.4.1) lib/rack/lock.rb:15:in `call'
  actionpack (3.2.1) lib/action_dispatch/middleware/static.rb:53:in `call'
  railties (3.2.1) lib/rails/engine.rb:479:in `call'
  railties (3.2.1) lib/rails/application.rb:220:in `call'
  rack (1.4.1) lib/rack/content_length.rb:14:in `call'
  railties (3.2.1) lib/rails/rack/log_tailer.rb:14:in `call'
  rack (1.4.1) lib/rack/handler/webrick.rb:59:in `service'
  /Users/kiszal/.rvm/rubies/ruby-1.9.3-p125/lib/ruby/1.9.1/webrick/httpserver.rb:138:in `service'
  /Users/kiszal/.rvm/rubies/ruby-1.9.3-p125/lib/ruby/1.9.1/webrick/httpserver.rb:94:in `run'
  /Users/kiszal/.rvm/rubies/ruby-1.9.3-p125/lib/ruby/1.9.1/webrick/server.rb:191:in `block in start_thread'


  Rendered /Users/kiszal/.rvm/gems/ruby-1.9.3-p125/gems/actionpack-3.2.1/lib/action_dispatch/middleware/templates/rescues/_trace.erb (2.4ms)
  Rendered /Users/kiszal/.rvm/gems/ruby-1.9.3-p125/gems/actionpack-3.2.1/lib/action_dispatch/middleware/templates/rescues/_request_and_response.erb (0.9ms)
  Rendered /Users/kiszal/.rvm/gems/ruby-1.9.3-p125/gems/actionpack-3.2.1/lib/action_dispatch/middleware/templates/rescues/diagnostics.erb within rescues/layout (5.3ms)


Started GET "/" for 127.0.0.1 at 2012-04-26 20:21:58 +0200
Processing by BlogController#index as HTML
  Rendered blog/_entry.html.erb (0.4ms)
  Rendered blog/index.html.erb within layouts/application (5.3ms)
Completed 200 OK in 46ms (Views: 44.3ms | ActiveRecord: 0.0ms)


Started GET "/assets/application.css?body=1" for 127.0.0.1 at 2012-04-26 20:21:58 +0200
Served asset /application.css - 200 OK (4ms)


Started GET "/assets/jquery.js?body=1" for 127.0.0.1 at 2012-04-26 20:21:58 +0200
Served asset /jquery.js - 200 OK (16ms)


Started GET "/assets/jquery_ujs.js?body=1" for 127.0.0.1 at 2012-04-26 20:21:58 +0200
Served asset /jquery_ujs.js - 200 OK (22ms)


Started GET "/assets/blog.css?body=1" for 127.0.0.1 at 2012-04-26 20:21:58 +0200
Served asset /blog.css - 200 OK (1ms)


Started GET "/assets/blog.js?body=1" for 127.0.0.1 at 2012-04-26 20:21:58 +0200
Served asset /blog.js - 200 OK (2ms)


Started GET "/assets/application.js?body=1" for 127.0.0.1 at 2012-04-26 20:21:58 +0200
Served asset /application.js - 200 OK (6ms)


Started GET "/" for 127.0.0.1 at 2012-04-26 20:37:39 +0200
Processing by BlogController#index as HTML
  Rendered blog/_entry.html.erb (0.5ms)
  Rendered blog/index.html.erb within layouts/application (6.8ms)
Completed 500 Internal Server Error in 216ms

ActionView::Template::Error (undefined local variable or method `new_post_path' for #<#<Class:0x007f82cc711280>:0x007f82cc40af00>):
    12:     <nav> 
    13:       <ul> 
    14:         <li>
    15:         <%= link_to "New post...", new_post_path %>
    16:         </li> 
    17:       </ul> 
    18:     </nav> 
  app/views/layouts/application.html.erb:15:in `_app_views_layouts_application_html_erb__1997531879388143818_70099874721560'


  Rendered /Users/kiszal/.rvm/gems/ruby-1.9.3-p125/gems/actionpack-3.2.1/lib/action_dispatch/middleware/templates/rescues/_trace.erb (4.8ms)
  Rendered /Users/kiszal/.rvm/gems/ruby-1.9.3-p125/gems/actionpack-3.2.1/lib/action_dispatch/middleware/templates/rescues/_request_and_response.erb (1.0ms)
  Rendered /Users/kiszal/.rvm/gems/ruby-1.9.3-p125/gems/actionpack-3.2.1/lib/action_dispatch/middleware/templates/rescues/template_error.erb within rescues/layout (8.2ms)


Started GET "/" for 127.0.0.1 at 2012-04-26 20:39:38 +0200
Processing by BlogController#index as HTML
  Rendered blog/_entry.html.erb (0.3ms)
  Rendered blog/index.html.erb within layouts/application (4.1ms)
Completed 200 OK in 24ms (Views: 22.3ms | ActiveRecord: 0.0ms)


Started GET "/assets/blog.css?body=1" for 127.0.0.1 at 2012-04-26 20:39:39 +0200
Served asset /blog.css - 304 Not Modified (2ms)


Started GET "/assets/application.css?body=1" for 127.0.0.1 at 2012-04-26 20:39:39 +0200
Served asset /application.css - 304 Not Modified (4ms)


Started GET "/assets/jquery.js?body=1" for 127.0.0.1 at 2012-04-26 20:39:39 +0200
Served asset /jquery.js - 304 Not Modified (2ms)


Started GET "/assets/blog.js?body=1" for 127.0.0.1 at 2012-04-26 20:39:39 +0200
Served asset /blog.js - 304 Not Modified (2ms)


Started GET "/assets/jquery_ujs.js?body=1" for 127.0.0.1 at 2012-04-26 20:39:39 +0200
Served asset /jquery_ujs.js - 304 Not Modified (2ms)


Started GET "/assets/application.js?body=1" for 127.0.0.1 at 2012-04-26 20:39:39 +0200
Served asset /application.js - 304 Not Modified (4ms)


Started GET "/posts/new" for 127.0.0.1 at 2012-04-26 20:39:41 +0200
Processing by PostsController#new as HTML
Completed 500 Internal Server Error in 4ms

ActionView::MissingTemplate (Missing template posts/new, application/new with {:locale=>[:en], :formats=>[:html], :handlers=>[:erb, :builder, :coffee]}. Searched in:
  * "/Users/kiszal/Workspace/sandbox/ruby/bloog/app/views"
):
  actionpack (3.2.1) lib/action_view/path_set.rb:58:in `find'
  actionpack (3.2.1) lib/action_view/lookup_context.rb:109:in `find'
  actionpack (3.2.1) lib/action_view/renderer/abstract_renderer.rb:3:in `find_template'
  actionpack (3.2.1) lib/action_view/renderer/template_renderer.rb:28:in `determine_template'
  actionpack (3.2.1) lib/action_view/renderer/template_renderer.rb:10:in `render'
  actionpack (3.2.1) lib/action_view/renderer/renderer.rb:36:in `render_template'
  actionpack (3.2.1) lib/action_view/renderer/renderer.rb:17:in `render'
  actionpack (3.2.1) lib/abstract_controller/rendering.rb:109:in `_render_template'
  actionpack (3.2.1) lib/action_controller/metal/streaming.rb:225:in `_render_template'
  actionpack (3.2.1) lib/abstract_controller/rendering.rb:103:in `render_to_body'
  actionpack (3.2.1) lib/action_controller/metal/renderers.rb:28:in `render_to_body'
  actionpack (3.2.1) lib/action_controller/metal/compatibility.rb:50:in `render_to_body'
  actionpack (3.2.1) lib/abstract_controller/rendering.rb:88:in `render'
  actionpack (3.2.1) lib/action_controller/metal/rendering.rb:16:in `render'
  actionpack (3.2.1) lib/action_controller/metal/instrumentation.rb:40:in `block (2 levels) in render'
  activesupport (3.2.1) lib/active_support/core_ext/benchmark.rb:5:in `block in ms'
  /Users/kiszal/.rvm/rubies/ruby-1.9.3-p125/lib/ruby/1.9.1/benchmark.rb:295:in `realtime'
  activesupport (3.2.1) lib/active_support/core_ext/benchmark.rb:5:in `ms'
  actionpack (3.2.1) lib/action_controller/metal/instrumentation.rb:40:in `block in render'
  actionpack (3.2.1) lib/action_controller/metal/instrumentation.rb:83:in `cleanup_view_runtime'
  activerecord (3.2.1) lib/active_record/railties/controller_runtime.rb:24:in `cleanup_view_runtime'
  actionpack (3.2.1) lib/action_controller/metal/instrumentation.rb:39:in `render'
  actionpack (3.2.1) lib/action_controller/metal/implicit_render.rb:10:in `default_render'
  actionpack (3.2.1) lib/action_controller/metal/implicit_render.rb:5:in `send_action'
  actionpack (3.2.1) lib/abstract_controller/base.rb:167:in `process_action'
  actionpack (3.2.1) lib/action_controller/metal/rendering.rb:10:in `process_action'
  actionpack (3.2.1) lib/abstract_controller/callbacks.rb:18:in `block in process_action'
  activesupport (3.2.1) lib/active_support/callbacks.rb:414:in `_run__2415957962691772155__process_action__4141154890249806281__callbacks'
  activesupport (3.2.1) lib/active_support/callbacks.rb:405:in `__run_callback'
  activesupport (3.2.1) lib/active_support/callbacks.rb:385:in `_run_process_action_callbacks'
  activesupport (3.2.1) lib/active_support/callbacks.rb:81:in `run_callbacks'
  actionpack (3.2.1) lib/abstract_controller/callbacks.rb:17:in `process_action'
  actionpack (3.2.1) lib/action_controller/metal/rescue.rb:29:in `process_action'
  actionpack (3.2.1) lib/action_controller/metal/instrumentation.rb:30:in `block in process_action'
  activesupport (3.2.1) lib/active_support/notifications.rb:123:in `block in instrument'
  activesupport (3.2.1) lib/active_support/notifications/instrumenter.rb:20:in `instrument'
  activesupport (3.2.1) lib/active_support/notifications.rb:123:in `instrument'
  actionpack (3.2.1) lib/action_controller/metal/instrumentation.rb:29:in `process_action'
  actionpack (3.2.1) lib/action_controller/metal/params_wrapper.rb:205:in `process_action'
  activerecord (3.2.1) lib/active_record/railties/controller_runtime.rb:18:in `process_action'
  actionpack (3.2.1) lib/abstract_controller/base.rb:121:in `process'
  actionpack (3.2.1) lib/abstract_controller/rendering.rb:45:in `process'
  actionpack (3.2.1) lib/action_controller/metal.rb:203:in `dispatch'
  actionpack (3.2.1) lib/action_controller/metal/rack_delegation.rb:14:in `dispatch'
  actionpack (3.2.1) lib/action_controller/metal.rb:246:in `block in action'
  actionpack (3.2.1) lib/action_dispatch/routing/route_set.rb:66:in `call'
  actionpack (3.2.1) lib/action_dispatch/routing/route_set.rb:66:in `dispatch'
  actionpack (3.2.1) lib/action_dispatch/routing/route_set.rb:30:in `call'
  journey (1.0.3) lib/journey/router.rb:68:in `block in call'
  journey (1.0.3) lib/journey/router.rb:56:in `each'
  journey (1.0.3) lib/journey/router.rb:56:in `call'
  actionpack (3.2.1) lib/action_dispatch/routing/route_set.rb:589:in `call'
  actionpack (3.2.1) lib/action_dispatch/middleware/best_standards_support.rb:17:in `call'
  rack (1.4.1) lib/rack/etag.rb:23:in `call'
  rack (1.4.1) lib/rack/conditionalget.rb:25:in `call'
  actionpack (3.2.1) lib/action_dispatch/middleware/head.rb:14:in `call'
  actionpack (3.2.1) lib/action_dispatch/middleware/params_parser.rb:21:in `call'
  actionpack (3.2.1) lib/action_dispatch/middleware/flash.rb:242:in `call'
  rack (1.4.1) lib/rack/session/abstract/id.rb:205:in `context'
  rack (1.4.1) lib/rack/session/abstract/id.rb:200:in `call'
  actionpack (3.2.1) lib/action_dispatch/middleware/cookies.rb:338:in `call'
  activerecord (3.2.1) lib/active_record/query_cache.rb:64:in `call'
  activerecord (3.2.1) lib/active_record/connection_adapters/abstract/connection_pool.rb:443:in `call'
  actionpack (3.2.1) lib/action_dispatch/middleware/callbacks.rb:28:in `block in call'
  activesupport (3.2.1) lib/active_support/callbacks.rb:405:in `_run__307481459350615877__call__3555781304422975533__callbacks'
  activesupport (3.2.1) lib/active_support/callbacks.rb:405:in `__run_callback'
  activesupport (3.2.1) lib/active_support/callbacks.rb:385:in `_run_call_callbacks'
  activesupport (3.2.1) lib/active_support/callbacks.rb:81:in `run_callbacks'
  actionpack (3.2.1) lib/action_dispatch/middleware/callbacks.rb:27:in `call'
  actionpack (3.2.1) lib/action_dispatch/middleware/reloader.rb:65:in `call'
  actionpack (3.2.1) lib/action_dispatch/middleware/remote_ip.rb:31:in `call'
  actionpack (3.2.1) lib/action_dispatch/middleware/debug_exceptions.rb:16:in `call'
  actionpack (3.2.1) lib/action_dispatch/middleware/show_exceptions.rb:56:in `call'
  railties (3.2.1) lib/rails/rack/logger.rb:26:in `call_app'
  railties (3.2.1) lib/rails/rack/logger.rb:16:in `call'
  actionpack (3.2.1) lib/action_dispatch/middleware/request_id.rb:22:in `call'
  rack (1.4.1) lib/rack/methodoverride.rb:21:in `call'
  rack (1.4.1) lib/rack/runtime.rb:17:in `call'
  activesupport (3.2.1) lib/active_support/cache/strategy/local_cache.rb:72:in `call'
  rack (1.4.1) lib/rack/lock.rb:15:in `call'
  actionpack (3.2.1) lib/action_dispatch/middleware/static.rb:53:in `call'
  railties (3.2.1) lib/rails/engine.rb:479:in `call'
  railties (3.2.1) lib/rails/application.rb:220:in `call'
  rack (1.4.1) lib/rack/content_length.rb:14:in `call'
  railties (3.2.1) lib/rails/rack/log_tailer.rb:14:in `call'
  rack (1.4.1) lib/rack/handler/webrick.rb:59:in `service'
  /Users/kiszal/.rvm/rubies/ruby-1.9.3-p125/lib/ruby/1.9.1/webrick/httpserver.rb:138:in `service'
  /Users/kiszal/.rvm/rubies/ruby-1.9.3-p125/lib/ruby/1.9.1/webrick/httpserver.rb:94:in `run'
  /Users/kiszal/.rvm/rubies/ruby-1.9.3-p125/lib/ruby/1.9.1/webrick/server.rb:191:in `block in start_thread'


  Rendered /Users/kiszal/.rvm/gems/ruby-1.9.3-p125/gems/actionpack-3.2.1/lib/action_dispatch/middleware/templates/rescues/missing_template.erb within rescues/layout (0.4ms)


Started GET "/" for 127.0.0.1 at 2012-04-26 20:47:17 +0200
Processing by BlogController#index as HTML
  Rendered blog/_entry.html.erb (15.7ms)
  Rendered blog/index.html.erb within layouts/application (19.4ms)
Completed 200 OK in 39ms (Views: 37.1ms | ActiveRecord: 0.0ms)


Started GET "/assets/application.css?body=1" for 127.0.0.1 at 2012-04-26 20:47:17 +0200
Served asset /application.css - 304 Not Modified (3ms)


Started GET "/assets/blog.css?body=1" for 127.0.0.1 at 2012-04-26 20:47:17 +0200
Served asset /blog.css - 304 Not Modified (1ms)


Started GET "/assets/jquery_ujs.js?body=1" for 127.0.0.1 at 2012-04-26 20:47:17 +0200
Served asset /jquery_ujs.js - 304 Not Modified (3ms)


Started GET "/assets/jquery.js?body=1" for 127.0.0.1 at 2012-04-26 20:47:17 +0200
Served asset /jquery.js - 304 Not Modified (3ms)


Started GET "/assets/blog.js?body=1" for 127.0.0.1 at 2012-04-26 20:47:17 +0200
Served asset /blog.js - 304 Not Modified (1ms)


Started GET "/assets/application.js?body=1" for 127.0.0.1 at 2012-04-26 20:47:17 +0200
Served asset /application.js - 304 Not Modified (6ms)


Started GET "/posts/new" for 127.0.0.1 at 2012-04-26 20:47:19 +0200
Processing by PostsController#new as HTML
  Rendered posts/new.html.erb within layouts/application (3.2ms)
Completed 500 Internal Server Error in 5ms

ActionView::Template::Error (undefined method `model_name' for Post:Class):
    1: <h1>New Post</h1>
    2: <%= form_for @post do |f| %>
    3:   <%= f.text_field :title %> 
    4:   <%= f.text_area :body %>
    5:   <%= f.submit %>
  app/views/posts/new.html.erb:2:in `_app_views_posts_new_html_erb__1707162481604969786_70237917590660'


  Rendered /Users/kiszal/.rvm/gems/ruby-1.9.3-p125/gems/actionpack-3.2.1/lib/action_dispatch/middleware/templates/rescues/_trace.erb (2.7ms)
  Rendered /Users/kiszal/.rvm/gems/ruby-1.9.3-p125/gems/actionpack-3.2.1/lib/action_dispatch/middleware/templates/rescues/_request_and_response.erb (0.8ms)
  Rendered /Users/kiszal/.rvm/gems/ruby-1.9.3-p125/gems/actionpack-3.2.1/lib/action_dispatch/middleware/templates/rescues/template_error.erb within rescues/layout (5.5ms)
